C:\USERS\ANDRESMAURICIO\DOCUMENTS\VISUAL STUDIO 2012\PROJECTS\TREEHANDS\TREEHANDS\RELEASE\TREEHANDS.OBJ
C:\USERS\ANDRESMAURICIO\DOCUMENTS\VISUAL STUDIO 2012\PROJECTS\TREEHANDS\TREEHANDS\RELEASE\MAIN.OBJ
C:\USERS\ANDRESMAURICIO\DOCUMENTS\VISUAL STUDIO 2012\PROJECTS\TREEHANDS\TREEHANDS\RELEASE\LSYSTEM.OBJ
C:\USERS\ANDRESMAURICIO\DOCUMENTS\VISUAL STUDIO 2012\PROJECTS\TREEHANDS\TREEHANDS\RELEASE\LEAPMOTION.OBJ
C:\USERS\ANDRESMAURICIO\DOCUMENTS\VISUAL STUDIO 2012\PROJECTS\TREEHANDS\TREEHANDS\RELEASE\VC110.PDB
C:\USERS\ANDRESMAURICIO\DOCUMENTS\VISUAL STUDIO 2012\PROJECTS\TREEHANDS\RELEASE\TREEHANDS.EXE
C:\USERS\ANDRESMAURICIO\DOCUMENTS\VISUAL STUDIO 2012\PROJECTS\TREEHANDS\RELEASE\TREEHANDS.PDB
C:\Users\AndresMauricio\Documents\Visual Studio 2012\Projects\TreeHands\TreeHands\Release\LeapMotion.obj
C:\Users\AndresMauricio\Documents\Visual Studio 2012\Projects\TreeHands\TreeHands\Release\LSystem.obj
C:\Users\AndresMauricio\Documents\Visual Studio 2012\Projects\TreeHands\TreeHands\Release\main.obj
C:\Users\AndresMauricio\Documents\Visual Studio 2012\Projects\TreeHands\TreeHands\Release\TreeHands.obj
C:\Users\AndresMauricio\Documents\Visual Studio 2012\Projects\TreeHands\TreeHands\Release\cl.command.1.tlog
C:\Users\AndresMauricio\Documents\Visual Studio 2012\Projects\TreeHands\TreeHands\Release\CL.read.1.tlog
C:\Users\AndresMauricio\Documents\Visual Studio 2012\Projects\TreeHands\TreeHands\Release\CL.write.1.tlog
C:\Users\AndresMauricio\Documents\Visual Studio 2012\Projects\TreeHands\TreeHands\Release\link-cvtres.read.1.tlog
C:\Users\AndresMauricio\Documents\Visual Studio 2012\Projects\TreeHands\TreeHands\Release\link-cvtres.write.1.tlog
C:\Users\AndresMauricio\Documents\Visual Studio 2012\Projects\TreeHands\TreeHands\Release\link-rc.read.1.tlog
C:\Users\AndresMauricio\Documents\Visual Studio 2012\Projects\TreeHands\TreeHands\Release\link-rc.write.1.tlog
C:\Users\AndresMauricio\Documents\Visual Studio 2012\Projects\TreeHands\TreeHands\Release\link.command.1.tlog
C:\Users\AndresMauricio\Documents\Visual Studio 2012\Projects\TreeHands\TreeHands\Release\link.read.1.tlog
C:\Users\AndresMauricio\Documents\Visual Studio 2012\Projects\TreeHands\TreeHands\Release\link.read.2.tlog
C:\Users\AndresMauricio\Documents\Visual Studio 2012\Projects\TreeHands\TreeHands\Release\link.read.3.tlog
C:\Users\AndresMauricio\Documents\Visual Studio 2012\Projects\TreeHands\TreeHands\Release\link.read.4.tlog
C:\Users\AndresMauricio\Documents\Visual Studio 2012\Projects\TreeHands\TreeHands\Release\link.read.5.tlog
C:\Users\AndresMauricio\Documents\Visual Studio 2012\Projects\TreeHands\TreeHands\Release\link.write.1.tlog
C:\Users\AndresMauricio\Documents\Visual Studio 2012\Projects\TreeHands\TreeHands\Release\vc110.pdb
C:\Users\AndresMauricio\Documents\Visual Studio 2012\Projects\TreeHands\Release\TreeHands.pdb
C:\Users\AndresMauricio\Documents\Visual Studio 2012\Projects\TreeHands\Release\TreeHands.exe
